<?xml version="1.0" encoding="UTF-8"?>
<!-- Generated by org.testng.reporters.JUnitReportReporter -->
<testsuite hostname="LAPTOP-IR9AULV6" failures="0" tests="1" name="dropdown.DropDownTest" time="0.687" errors="0" timestamp="2021-05-08T12:47:47 MDT" skipped="0">
  <testcase classname="dropdown.DropDownTest" name="testSelectOption" time="0.687"/>
  <system-out/>
</testsuite> <!-- dropdown.DropDownTest -->
