<?xml version="1.0" encoding="UTF-8"?>
<!-- Generated by org.testng.reporters.JUnitReportReporter -->
<testsuite skipped="0" hostname="LAPTOP-IR9AULV6" name="keys.KeyPressesTest" tests="2" failures="0" timestamp="2021-04-26T12:01:17 MDT" time="0.904" errors="0">
  <testcase name="testBackSpace" time="0.463" classname="keys.KeyPressesTest"/>
  <system-out/>
  <testcase name="testShortCuts" time="0.441" classname="keys.KeyPressesTest"/>
  <system-out/>
</testsuite> <!-- keys.KeyPressesTest -->
