<?xml version="1.0" encoding="UTF-8"?>
<!-- Generated by org.testng.reporters.JUnitReportReporter -->
<testsuite hostname="LAPTOP-IR9AULV6" failures="0" tests="1" name="shifting_content.MenuElementsTest" time="0.671" errors="0" timestamp="2021-05-08T12:47:47 MDT" skipped="0">
  <testcase classname="shifting_content.MenuElementsTest" name="testElementsQuantity" time="0.671"/>
  <system-out/>
</testsuite> <!-- shifting_content.MenuElementsTest -->
