<?xml version="1.0" encoding="UTF-8"?>
<!-- Generated by org.testng.reporters.JUnitReportReporter -->
<testsuite skipped="0" hostname="LAPTOP-IR9AULV6" name="dropdown.DropDownTest" tests="1" failures="0" timestamp="2021-04-26T12:01:17 MDT" time="0.599" errors="0">
  <testcase name="testSelectOption" time="0.599" classname="dropdown.DropDownTest"/>
  <system-out/>
</testsuite> <!-- dropdown.DropDownTest -->
