<?xml version="1.0" encoding="UTF-8"?>
<!-- Generated by org.testng.reporters.JUnitReportReporter -->
<testsuite hostname="LAPTOP-IR9AULV6" failures="0" tests="1" name="forgot_password.ForgotPasswordPageTest" time="1.047" errors="0" timestamp="2021-05-08T12:47:47 MDT" skipped="0">
  <testcase classname="forgot_password.ForgotPasswordPageTest" name="testForgotPasswordMessage" time="1.047"/>
  <system-out/>
</testsuite> <!-- forgot_password.ForgotPasswordPageTest -->
