<?xml version="1.0" encoding="UTF-8"?>
<!-- Generated by org.testng.reporters.JUnitReportReporter -->
<testsuite skipped="0" hostname="LAPTOP-IR9AULV6" name="shifting_content.MenuElementsTest" tests="1" failures="0" timestamp="2021-04-26T12:01:17 MDT" time="0.553" errors="0">
  <testcase name="testElementsQuantity" time="0.553" classname="shifting_content.MenuElementsTest"/>
  <system-out/>
</testsuite> <!-- shifting_content.MenuElementsTest -->
