<?xml version="1.0" encoding="UTF-8"?>
<!-- Generated by org.testng.reporters.JUnitReportReporter -->
<testsuite skipped="0" hostname="LAPTOP-IR9AULV6" name="forgot_password.ForgotPasswordPageTest" tests="1" failures="0" timestamp="2021-04-26T12:01:17 MDT" time="0.761" errors="0">
  <testcase name="testForgotPasswordMessage" time="0.761" classname="forgot_password.ForgotPasswordPageTest"/>
  <system-out/>
</testsuite> <!-- forgot_password.ForgotPasswordPageTest -->
