<?xml version="1.0" encoding="UTF-8"?>
<!-- Generated by org.testng.reporters.JUnitReportReporter -->
<testsuite hostname="LAPTOP-IR9AULV6" failures="0" tests="2" name="keys.KeyPressesTest" time="1.028" errors="0" timestamp="2021-05-08T12:47:47 MDT" skipped="0">
  <testcase classname="keys.KeyPressesTest" name="testBackSpace" time="0.538"/>
  <system-out/>
  <testcase classname="keys.KeyPressesTest" name="testShortCuts" time="0.490"/>
  <system-out/>
</testsuite> <!-- keys.KeyPressesTest -->
